<?xml version="1.0" encoding="UTF-8" ?>
<testsuite errors="0" failures="0" hostname="kmaster" name="test.integration.AcceptanceTest_LoginApp" skipped="0" tests="8" time="4.075" timestamp="2021-03-02T09:18:28">
  <properties>
[...]
</properties>
  <testcase classname="test.integration.AcceptanceTest_LoginApp" name="checkLoginFormAction" time="2.536" />
  <testcase classname="test.integration.AcceptanceTest_LoginApp" name="checkLoginSuccessAction" time="0.219" />
  <testcase classname="test.integration.AcceptanceTest_LoginApp" name="checkLoginError" time="0.134" />
  <testcase classname="test.integration.AcceptanceTest_LoginApp" name="verifyLoginFormID" time="0.141" />
  <testcase classname="test.integration.AcceptanceTest_LoginApp" name="verifyLoginPageMessage" time="0.076" />
  <testcase classname="test.integration.AcceptanceTest_LoginApp" name="verifyLoginPageForm" time="0.528" />
  <testcase classname="test.integration.AcceptanceTest_LoginApp" name="verifyLoginPageFormByName" time="0.049" />
  <testcase classname="test.integration.AcceptanceTest_LoginApp" name="verifyLoginPageTitle" time="0.05" />
  <system-out><![CDATA[]]></system-out>
  <system-err><![CDATA[]]></system-err>
</testsuite>
